[    0.000000] Linux version 4.15.0-212-generic (buildd@lcy02-amd64-083) (gcc version 7.5.0 (Ubuntu 7.5.0-3ubuntu1~18.04)) #223-Ubuntu SMP Tue May 23 13:09:22 UTC 2023 (Ubuntu 4.15.0-212.223-generic 4.15.18)
[    0.000000] Command line: BOOT_IMAGE=/boot/vmlinuz-4.15.0-212-generic root=LABEL=cloudimg-rootfs ro console=tty1 console=ttyS0
[    0.000000] KERNEL supported cpus:
[    0.000000]   Intel GenuineIntel
[    0.000000]   AMD AuthenticAMD
[    0.000000]   Centaur CentaurHauls
[    0.000000] x86/fpu: Supporting XSAVE feature 0x001: 'x87 floating point registers'
[    0.000000] x86/fpu: Supporting XSAVE feature 0x002: 'SSE registers'
[    0.000000] x86/fpu: Supporting XSAVE feature 0x004: 'AVX registers'
[    0.000000] x86/fpu: xstate_offset[2]:  576, xstate_sizes[2]:  256
[    0.000000] x86/fpu: Enabled xstate features 0x7, context size is 832 bytes, using 'standard' format.
[    0.000000] e820: BIOS-provided physical RAM map:
[    0.000000] BIOS-e820: [mem 0x0000000000000000-0x000000000009fbff] usable
[    0.000000] BIOS-e820: [mem 0x000000000009fc00-0x000000000009ffff] reserved
[    0.000000] BIOS-e820: [mem 0x00000000000f0000-0x00000000000fffff] reserved
[    0.000000] BIOS-e820: [mem 0x0000000000100000-0x000000007ffeffff] usable
[    0.000000] BIOS-e820: [mem 0x000000007fff0000-0x000000007fffffff] ACPI data
[    0.000000] BIOS-e820: [mem 0x00000000fec00000-0x00000000fec00fff] reserved
[    0.000000] BIOS-e820: [mem 0x00000000fee00000-0x00000000fee00fff] reserved
[    0.000000] BIOS-e820: [mem 0x00000000fffc0000-0x00000000ffffffff] reserved
[    0.000000] NX (Execute Disable) protection: active
[    0.000000] SMBIOS 2.5 present.
[    0.000000] DMI: innotek GmbH VirtualBox/VirtualBox, BIOS VirtualBox 12/01/2006
[    0.000000] Hypervisor detected: KVM
[    0.000000] e820: last_pfn = 0x7fff0 max_arch_pfn = 0x400000000
[    0.000000] x86/PAT: Configuration [0-7]: WB  WC  UC- UC  WB  WP  UC- WT  
[    0.000000] found SMP MP-table at [mem 0x0009fbf0-0x0009fbff]
[    0.000000] Scanning 1 areas for low memory corruption
[    0.000000] RAMDISK: [mem 0x359cb000-0x36cdcfff]
[    0.000000] ACPI: Early table checksum verification disabled
[    0.000000] ACPI: RSDP 0x00000000000E0000 000024 (v02 VBOX  )
[    0.000000] ACPI: XSDT 0x000000007FFF0030 00003C (v01 VBOX   VBOXXSDT 00000001 ASL  00000061)
[    0.000000] ACPI: FACP 0x000000007FFF00F0 0000F4 (v04 VBOX   VBOXFACP 00000001 ASL  00000061)
[    0.000000] ACPI: DSDT 0x000000007FFF0610 002353 (v02 VBOX   VBOXBIOS 00000002 INTL 20240322)
[    0.000000] ACPI: FACS 0x000000007FFF0200 000040
[    0.000000] ACPI: FACS 0x000000007FFF0200 000040
[    0.000000] ACPI: APIC 0x000000007FFF0240 00005C (v02 VBOX   VBOXAPIC 00000001 ASL  00000061)
[    0.000000] ACPI: SSDT 0x000000007FFF02A0 00036C (v01 VBOX   VBOXCPUT 00000002 INTL 20240322)
[    0.000000] ACPI: Reserving FACP table memory at [mem 0x7fff00f0-0x7fff01e3]
[    0.000000] ACPI: Reserving DSDT table memory at [mem 0x7fff0610-0x7fff2962]
[    0.000000] ACPI: Reserving FACS table memory at [mem 0x7fff0200-0x7fff023f]
[    0.000000] ACPI: Reserving FACS table memory at [mem 0x7fff0200-0x7fff023f]
[    0.000000] ACPI: Reserving APIC table memory at [mem 0x7fff0240-0x7fff029b]
[    0.000000] ACPI: Reserving SSDT table memory at [mem 0x7fff02a0-0x7fff060b]
[    0.000000] No NUMA configuration found
[    0.000000] Faking a node at [mem 0x0000000000000000-0x000000007ffeffff]
[    0.000000] NODE_DATA(0) allocated [mem 0x7ffc5000-0x7ffeffff]
[    0.000000] kvm-clock: cpu 0, msr 0:7ff44001, primary cpu clock
[    0.000000] kvm-clock: Using msrs 4b564d01 and 4b564d00
[    0.000000] kvm-clock: using sched offset of 3414719641 cycles
[    0.000000] clocksource: kvm-clock: mask: 0xffffffffffffffff max_cycles: 0x1cd42e4dffb, max_idle_ns: 881590591483 ns
[    0.000000] Zone ranges:
[    0.000000]   DMA      [mem 0x0000000000001000-0x0000000000ffffff]
[    0.000000]   DMA32    [mem 0x0000000001000000-0x000000007ffeffff]
[    0.000000]   Normal   empty
[    0.000000]   Device   empty
[    0.000000] Movable zone start for each node
[    0.000000] Early memory node ranges
[    0.000000]   node   0: [mem 0x0000000000001000-0x000000000009efff]
[    0.000000]   node   0: [mem 0x0000000000100000-0x000000007ffeffff]
[    0.000000] Reserved but unavailable: 104 pages
[    0.000000] Initmem setup node 0 [mem 0x0000000000001000-0x000000007ffeffff]
[    0.000000] ACPI: PM-Timer IO Port: 0x4008
[    0.000000] IOAPIC[0]: apic_id 2, version 32, address 0xfec00000, GSI 0-23
[    0.000000] ACPI: INT_SRC_OVR (bus 0 bus_irq 0 global_irq 2 dfl dfl)
[    0.000000] ACPI: INT_SRC_OVR (bus 0 bus_irq 9 global_irq 9 low level)
[    0.000000] Using ACPI (MADT) for SMP configuration information
[    0.000000] smpboot: Allowing 2 CPUs, 0 hotplug CPUs
[    0.000000] PM: Registered nosave memory: [mem 0x00000000-0x00000fff]
[    0.000000] PM: Registered nosave memory: [mem 0x0009f000-0x0009ffff]
[    0.000000] PM: Registered nosave memory: [mem 0x000a0000-0x000effff]
[    0.000000] PM: Registered nosave memory: [mem 0x000f0000-0x000fffff]
[    0.000000] e820: [mem 0x80000000-0xfebfffff] available for PCI devices
[    0.000000] Booting paravirtualized kernel on KVM
[    0.000000] clocksource: refined-jiffies: mask: 0xffffffff max_cycles: 0xffffffff, max_idle_ns: 7645519600211568 ns
[    0.000000] setup_percpu: NR_CPUS:8192 nr_cpumask_bits:2 nr_cpu_ids:2 nr_node_ids:1
[    0.000000] percpu: Embedded 50 pages/cpu s167936 r8192 d28672 u1048576
[    0.000000] PV qspinlock hash table entries: 256 (order: 0, 4096 bytes)
[    0.000000] Built 1 zonelists, mobility grouping on.  Total pages: 515961
[    0.000000] Policy zone: DMA32
[    0.000000] Kernel command line: BOOT_IMAGE=/boot/vmlinuz-4.15.0-212-generic root=LABEL=cloudimg-rootfs ro console=tty1 console=ttyS0
[    0.000000] Memory: 2014836K/2096696K available (12300K kernel code, 2477K rwdata, 4324K rodata, 2480K init, 2720K bss, 81860K reserved, 0K cma-reserved)
[    0.000000] SLUB: HWalign=64, Order=0-3, MinObjects=0, CPUs=2, Nodes=1
[    0.000000] Kernel/User page tables isolation: enabled
[    0.000000] ftrace: allocating 39508 entries in 155 pages
[    0.004000] Hierarchical RCU implementation.
[    0.004000] 	RCU restricting CPUs from NR_CPUS=8192 to nr_cpu_ids=2.
[    0.004000] 	Tasks RCU enabled.
[    0.004000] RCU: Adjusting geometry for rcu_fanout_leaf=16, nr_cpu_ids=2
[    0.004000] NR_IRQS: 524544, nr_irqs: 440, preallocated irqs: 16
[    0.004000] random: crng init done
[    0.004000] Console: colour VGA+ 80x25
[    0.004000] console [tty1] enabled
[    0.004000] console [ttyS0] enabled
[    0.004000] ACPI: Core revision 20170831
[    0.004000] ACPI: 2 ACPI AML tables successfully acquired and loaded
[    0.004000] APIC: Switch to symmetric I/O mode setup
[    0.004000] x2apic enabled
[    0.004018] Switched APIC routing to physical x2apic.
[    0.012000] ..TIMER: vector=0x30 apic1=0 pin1=2 apic2=-1 pin2=-1
[    0.012002] tsc: Detected 2594.974 MHz processor
[    0.016008] Calibrating delay loop (skipped) preset value.. 5189.94 BogoMIPS (lpj=10379896)
[    0.020002] pid_max: default: 32768 minimum: 301
[    0.024041] Security Framework initialized
[    0.028002] Yama: becoming mindful.
[    0.030080] AppArmor: AppArmor initialized
[    0.034474] Dentry cache hash table entries: 262144 (order: 9, 2097152 bytes)
[    0.037235] Inode-cache hash table entries: 131072 (order: 8, 1048576 bytes)
[    0.040046] Mount-cache hash table entries: 4096 (order: 3, 32768 bytes)
[    0.044044] Mountpoint-cache hash table entries: 4096 (order: 3, 32768 bytes)
[    0.052777] Last level iTLB entries: 4KB 64, 2MB 8, 4MB 8
[    0.055781] Last level dTLB entries: 4KB 64, 2MB 0, 4MB 0, 1GB 4
[    0.056015] Spectre V1 : Mitigation: usercopy/swapgs barriers and __user pointer sanitization
[    0.060002] Spectre V2 : Mitigation: Retpolines
[    0.064002] Spectre V2 : Spectre v2 / SpectreRSB mitigation: Filling RSB on context switch
[    0.068001] Spectre V2 : Spectre v2 / SpectreRSB : Filling RSB on VMEXIT
[    0.072002] RETBleed: WARNING: Spectre v2 mitigation leaves CPU vulnerable to RETBleed attacks, data leaks possible!
[    0.076002] RETBleed: Vulnerable
[    0.077915] Speculative Store Bypass: Vulnerable
[    0.080092] MDS: Mitigation: Clear CPU buffers
[    0.083167] MMIO Stale Data: Mitigation: Clear CPU buffers
[    0.084016] SRBDS: Unknown: Dependent on hypervisor status
[    0.088149] Freeing SMP alternatives memory: 36K
[    0.204002] APIC calibration not consistent with PM-Timer: 101ms instead of 100ms
[    0.208000] APIC delta adjusted to PM-Timer: 6226493 (6300560)
[    0.208198] smpboot: CPU0: Intel(R) Core(TM) i7-9750H CPU @ 2.60GHz (family: 0x6, model: 0x9e, stepping: 0xa)
[    0.212169] Performance Events: unsupported p6 CPU model 158 no PMU driver, software events only.
[    0.216063] Hierarchical SRCU implementation.
[    0.220523] NMI watchdog: Perf event create on CPU 0 failed with -2
[    0.224002] NMI watchdog: Perf NMI watchdog permanently disabled
[    0.227388] smp: Bringing up secondary CPUs ...
[    0.228463] x86: Booting SMP configuration:
[    0.232002] .... node  #0, CPUs:      #1
[    0.004000] kvm-clock: cpu 1, msr 0:7ff44041, secondary cpu clock
[    0.240120] smp: Brought up 1 node, 2 CPUs
[    0.242388] smpboot: Max logical packages: 1
[    0.244004] smpboot: Total of 2 processors activated (10379.89 BogoMIPS)
[    0.249585] devtmpfs: initialized
[    0.252059] x86/mm: Memory block size: 128MB
[    0.254678] evm: security.selinux
[    0.256002] evm: security.SMACK64
[    0.257885] evm: security.SMACK64EXEC
[    0.260002] evm: security.SMACK64TRANSMUTE
[    0.262316] evm: security.SMACK64MMAP
[    0.264002] evm: security.apparmor
[    0.265923] evm: security.ima
[    0.268002] evm: security.capability
[    0.272176] clocksource: jiffies: mask: 0xffffffff max_cycles: 0xffffffff, max_idle_ns: 7645041785100000 ns
[    0.276007] futex hash table entries: 512 (order: 3, 32768 bytes)
[    0.280067] pinctrl core: initialized pinctrl subsystem
[    0.284329] RTC time: 18:17:02, date: 02/27/25
[    0.288052] NET: Registered protocol family 16
[    0.290568] audit: initializing netlink subsys (disabled)
[    0.292072] audit: type=2000 audit(1740680226.764:1): state=initialized audit_enabled=0 res=1
[    0.296070] cpuidle: using governor ladder
[    0.298682] cpuidle: using governor menu
[    0.300027] ACPI: bus type PCI registered
[    0.302253] acpiphp: ACPI Hot Plug PCI Controller Driver version: 0.5
[    0.304291] PCI: Using configuration type 1 for base access
[    0.312103] HugeTLB registered 2.00 MiB page size, pre-allocated 0 pages
[    0.316171] ACPI: Added _OSI(Module Device)
[    0.318381] ACPI: Added _OSI(Processor Device)
[    0.320022] ACPI: Added _OSI(3.0 _SCP Extensions)
[    0.324006] ACPI: Added _OSI(Processor Aggregator Device)
[    0.326941] ACPI: Added _OSI(Linux-Dell-Video)
[    0.328002] ACPI: Added _OSI(Linux-Lenovo-NV-HDMI-Audio)
[    0.332002] ACPI: Added _OSI(Linux-HPI-Hybrid-Graphics)
[    0.336094] ACPI: Executed 1 blocks of module-level executable AML code
[    0.342736] ACPI: Interpreter enabled
[    0.344010] ACPI: (supports S0 S5)
[    0.345929] ACPI: Using IOAPIC for interrupt routing
[    0.348329] PCI: Using host bridge windows from ACPI; if necessary, use "pci=nocrs" and report a bug
[    0.352198] ACPI: Enabled 2 GPEs in block 00 to 07
[    0.365583] ACPI: PCI Root Bridge [PCI0] (domain 0000 [bus 00-ff])
[    0.368006] acpi PNP0A03:00: _OSC: OS supports [ASPM ClockPM Segments MSI]
[    0.372647] acpi PNP0A03:00: _OSC: not requesting OS control; OS requires [ExtendedConfig ASPM ClockPM MSI]
[    0.376009] acpi PNP0A03:00: fail to add MMCONFIG information, can't access extended PCI configuration space under this bridge.
[    0.380581] PCI host bridge to bus 0000:00
[    0.383183] pci_bus 0000:00: root bus resource [io  0x0000-0x0cf7 window]
[    0.384003] pci_bus 0000:00: root bus resource [io  0x0d00-0xffff window]
[    0.388003] pci_bus 0000:00: root bus resource [mem 0x000a0000-0x000bffff window]
[    0.392003] pci_bus 0000:00: root bus resource [mem 0x80000000-0xfdffffff window]
[    0.396004] pci_bus 0000:00: root bus resource [bus 00-ff]
[    0.407623] pci 0000:00:01.1: legacy IDE quirk: reg 0x10: [io  0x01f0-0x01f7]
[    0.408002] pci 0000:00:01.1: legacy IDE quirk: reg 0x14: [io  0x03f6]
[    0.412002] pci 0000:00:01.1: legacy IDE quirk: reg 0x18: [io  0x0170-0x0177]
[    0.416003] pci 0000:00:01.1: legacy IDE quirk: reg 0x1c: [io  0x0376]
[    0.490132] pci 0000:00:07.0: quirk: [io  0x4000-0x403f] claimed by PIIX4 ACPI
[    0.492030] pci 0000:00:07.0: quirk: [io  0x4100-0x410f] claimed by PIIX4 SMB
[    0.506029] ACPI: PCI Interrupt Link [LNKA] (IRQs 5 9 10 *11)
[    0.508478] ACPI: PCI Interrupt Link [LNKB] (IRQs 5 9 *10 11)
[    0.512179] ACPI: PCI Interrupt Link [LNKC] (IRQs 5 *9 10 11)
[    0.516180] ACPI: PCI Interrupt Link [LNKD] (IRQs 5 9 10 *11)
[    0.520410] SCSI subsystem initialized
[    0.522758] pci 0000:00:02.0: vgaarb: setting as boot VGA device
[    0.523408] pci 0000:00:02.0: vgaarb: VGA device added: decodes=io+mem,owns=io+mem,locks=none
[    0.524006] pci 0000:00:02.0: vgaarb: bridge control possible
[    0.528002] vgaarb: loaded
[    0.529640] ACPI: bus type USB registered
[    0.532016] usbcore: registered new interface driver usbfs
[    0.536012] usbcore: registered new interface driver hub
[    0.540018] usbcore: registered new device driver usb
[    0.542904] EDAC MC: Ver: 3.0.0
[    0.544589] PCI: Using ACPI for IRQ routing
[    0.548582] NetLabel: Initializing
[    0.550560] NetLabel:  domain hash size = 128
[    0.552002] NetLabel:  protocols = UNLABELED CIPSOv4 CALIPSO
[    0.556014] NetLabel:  unlabeled traffic allowed by default
[    0.560120] clocksource: Switched to clocksource kvm-clock
[    0.578602] VFS: Disk quotas dquot_6.6.0
[    0.578602] VFS: Dquot-cache hash table entries: 512 (order 0, 4096 bytes)
[    0.586322] AppArmor: AppArmor Filesystem Enabled
[    0.589542] pnp: PnP ACPI init
[    0.590135] pnp: PnP ACPI: found 3 devices
[    0.611845] clocksource: acpi_pm: mask: 0xffffff max_cycles: 0xffffff, max_idle_ns: 2085701024 ns
[    0.616661] NET: Registered protocol family 2
[    0.619408] IP idents hash table entries: 32768 (order: 6, 262144 bytes)
[    0.623515] TCP established hash table entries: 16384 (order: 5, 131072 bytes)
[    0.627608] TCP bind hash table entries: 16384 (order: 6, 262144 bytes)
[    0.631409] TCP: Hash tables configured (established 16384 bind 16384)
[    0.635112] UDP hash table entries: 1024 (order: 3, 32768 bytes)
[    0.638364] UDP-Lite hash table entries: 1024 (order: 3, 32768 bytes)
[    0.639078] NET: Registered protocol family 1
[    0.639078] pci 0000:00:00.0: Limiting direct PCI/PCI transfers
[    0.647636] pci 0000:00:01.0: Activating ISA DMA hang workarounds
[    0.651015] pci 0000:00:02.0: Video device with shadowed ROM at [mem 0x000c0000-0x000dffff]
[    0.655690] Unpacking initramfs...
[    0.960153] Freeing initrd memory: 19528K
[    0.962798] clocksource: tsc: mask: 0xffffffffffffffff max_cycles: 0x2567b031c41, max_idle_ns: 440795206267 ns
[    0.968443] platform rtc_cmos: registered platform RTC device (no PNP device found)
[    0.972904] Scanning for low memory corruption every 60 seconds
[    0.977229] Initialise system trusted keyrings
[    0.979680] Key type blacklist registered
[    0.982215] workingset: timestamp_bits=36 max_order=19 bucket_order=0
[    0.987123] zbud: loaded
[    0.989372] squashfs: version 4.0 (2009/01/31) Phillip Lougher
[    0.993343] fuse init (API version 7.26)
[    1.004686] Key type asymmetric registered
[    1.006952] Asymmetric key parser 'x509' registered
[    1.009679] Block layer SCSI generic (bsg) driver version 0.4 loaded (major 246)
[    1.013958] io scheduler noop registered
[    1.016132] io scheduler deadline registered
[    1.018613] io scheduler cfq registered (default)
[    1.021809] ACPI: AC Adapter [AC] (off-line)
[    1.024687] input: Power Button as /devices/LNXSYSTM:00/LNXPWRBN:00/input/input0
[    1.029053] ACPI: Power Button [PWRF]
[    1.031331] input: Sleep Button as /devices/LNXSYSTM:00/LNXSLPBN:00/input/input1
[    1.035378] ACPI: Sleep Button [SLPF]
[    1.039391] ACPI: Battery Slot [BAT0] (battery present)
[    1.041180] Serial: 8250/16550 driver, 32 ports, IRQ sharing enabled
[    1.050317] 00:02: ttyS0 at I/O 0x3f8 (irq = 4, base_baud = 115200) is a 16550A
[    1.080082] Linux agpgart interface v0.103
[    1.084396] loop: module loaded
[    1.088067] scsi host0: ata_piix
[    1.090607] scsi host1: ata_piix
[    1.092760] ata1: PATA max UDMA/33 cmd 0x1f0 ctl 0x3f6 bmdma 0xd000 irq 14
[    1.096824] ata2: PATA max UDMA/33 cmd 0x170 ctl 0x376 bmdma 0xd008 irq 15
[    1.100782] tun: Universal TUN/TAP device driver, 1.6
[    1.104330] PPP generic driver version 2.4.2
[    1.107033] ehci_hcd: USB 2.0 'Enhanced' Host Controller (EHCI) Driver
[    1.108252] ehci-pci: EHCI PCI platform driver
[    1.108252] ehci-platform: EHCI generic platform driver
[    1.116884] ohci_hcd: USB 1.1 'Open' Host Controller (OHCI) Driver
[    1.120590] ohci-pci: OHCI PCI platform driver
[    1.123370] ohci-platform: OHCI generic platform driver
[    1.126605] uhci_hcd: USB Universal Host Controller Interface driver
[    1.130359] i8042: PNP: PS/2 Controller [PNP0303:PS2K,PNP0f03:PS2M] at 0x60,0x64 irq 1,12
[    1.137184] serio: i8042 KBD port at 0x60,0x64 irq 1
[    1.140136] serio: i8042 AUX port at 0x60,0x64 irq 12
[    1.140136] mousedev: PS/2 mouse device common for all mice
[    1.147622] input: AT Translated Set 2 keyboard as /devices/platform/i8042/serio0/input/input2
[    1.153969] rtc_cmos rtc_cmos: rtc core: registered rtc_cmos as rtc0
[    1.158136] rtc_cmos rtc_cmos: alarms up to one day, 114 bytes nvram
[    1.161749] i2c /dev entries driver
[    1.161749] device-mapper: uevent: version 1.0.3
[    1.167150] device-mapper: ioctl: 4.37.0-ioctl (2017-09-20) initialised: dm-devel@redhat.com
[    1.172134] ledtrig-cpu: registered to indicate activity on CPUs
[    1.177129] NET: Registered protocol family 10
[    1.184407] Segment Routing with IPv6
[    1.186741] NET: Registered protocol family 17
[    1.189651] Key type dns_resolver registered
[    1.192739] mce: Using 0 MCE banks
[    1.195290] RAS: Correctable Errors collector initialized.
[    1.196615] sched_clock: Marking stable (1192615000, 0)->(1625058950, -432443950)
[    1.204618] registered taskstats version 1
[    1.207215] Loading compiled-in X.509 certificates
[    1.213579] Loaded X.509 cert 'Build time autogenerated kernel key: b5b26778eaa3ab3a4a6cee031137706e947d12ad'
[    1.219584] Loaded X.509 cert 'Canonical Ltd. Live Patch Signing: 14df34d1a87cf37625abec039ef2bf521249b969'
[    1.225522] Loaded X.509 cert 'Canonical Ltd. Kernel Module Signing: 88f752e560a1e0737e31163a466ad7b70a850c19'
[    1.231217] blacklist: Loading compiled-in revocation X.509 certificates
[    1.235964] Loaded X.509 cert 'Canonical Ltd. Secure Boot Signing: 61482aa2830d0ab2ad5af10b7250da9033ddcef0'
[    1.241844] Loaded X.509 cert 'Canonical Ltd. Secure Boot Signing (2017): 242ade75ac4a15e50d50c84b0d45ff3eae707a03'
[    1.248087] Loaded X.509 cert 'Canonical Ltd. Secure Boot Signing (ESM 2018): 365188c1d374d6b07c3c8f240f8ef722433d6a8b'
[    1.254493] Loaded X.509 cert 'Canonical Ltd. Secure Boot Signing (2019): c0746fd6c5da3ae827864651ad66ae47fe24b3e8'
[    1.260700] Loaded X.509 cert 'Canonical Ltd. Secure Boot Signing (2021 v1): a8d54bbb3825cfb94fa13c9f8a594a195c107b8d'
[    1.267403] Loaded X.509 cert 'Canonical Ltd. Secure Boot Signing (2021 v2): 4cf046892d6fd3c9a5b03f98d845f90851dc6a8c'
[    1.273962] Loaded X.509 cert 'Canonical Ltd. Secure Boot Signing (2021 v3): 100437bb6de6e469b581e61cd66bce3ef4ed53af'
[    1.280617] Loaded X.509 cert 'Canonical Ltd. Secure Boot Signing (Ubuntu Core 2019): c1d57b8f6b743f23ee41f4f7ee292f06eecadfb9'
[    1.288245] zswap: loaded using pool lzo/zbud
[    1.320447] Key type big_key registered
[    1.322830] Key type trusted registered
[    1.327847] Key type encrypted registered
[    1.330309] AppArmor: AppArmor sha1 policy hashing enabled
[    1.333548] ima: No TPM chip found, activating TPM-bypass! (rc=-19)
[    1.337305] ima: Allocated hash algorithm: sha1
[    1.340106] evm: HMAC attrs: 0x1
[    1.342676]   Magic number: 13:633:292
[    1.345283] tty tty25: hash matches
[    1.348120] rtc_cmos rtc_cmos: setting system clock to 2025-02-27 18:17:03 UTC (1740680223)
[    1.353571] BIOS EDD facility v0.16 2004-Jun-25, 0 devices found
[    1.357118] EDD information not available.
[    1.362411] Freeing unused kernel image memory: 2480K
[    1.395255] Write protecting the kernel read-only data: 20480k
[    1.402811] Freeing unused kernel image memory: 2008K
[    1.407064] Freeing unused kernel image memory: 1820K
[    1.416156] x86/mm: Checked W+X mappings: passed, no W+X pages found.
[    1.420277] x86/mm: Checking user space page tables
[    1.428356] x86/mm: Checked W+X mappings: passed, no W+X pages found.
Loading, please wait...
starting version 237
[    1.507055] Fusion MPT base driver 3.04.20
[    1.509760] Copyright (c) 1999-2008 LSI Corporation
[    1.526276] e1000: Intel(R) PRO/1000 Network Driver - version 7.3.21-k8-NAPI
[    1.530500] e1000: Copyright (c) 1999-2006 Intel Corporation.
[    1.554406] Fusion MPT SPI Host driver 3.04.20
[    1.565347] AVX2 version of gcm_enc/dec engaged.
[    1.568134] AES CTR mode by8 optimization enabled
[    1.763845] input: ImExPS/2 Generic Explorer Mouse as /devices/platform/i8042/serio1/input/input4
[    2.016892] e1000 0000:00:03.0 eth0: (PCI:33MHz:32-bit) 02:3b:7b:b7:3b:2d
[    2.020627] e1000 0000:00:03.0 eth0: Intel(R) PRO/1000 Network Connection
[    2.025991] mptbase: ioc0: Initiating bringup
[    2.029946] e1000 0000:00:03.0 enp0s3: renamed from eth0
[    2.140789] ioc0: LSI53C1030 A0: Capabilities={Initiator}
[    2.479818] scsi host2: ioc0: LSI53C1030 A0, FwRev=00000000h, Ports=1, MaxQ=256, IRQ=20
[    2.713248] scsi 2:0:0:0: Direct-Access     VBOX     HARDDISK         1.0  PQ: 0 ANSI: 5
[    2.769106] scsi target2:0:0: Beginning Domain Validation
[    2.778095] scsi target2:0:0: Domain Validation skipping write tests
[    2.782224] scsi target2:0:0: Ending Domain Validation
[    2.785550] scsi target2:0:0: asynchronous
[    2.788530] scsi 2:0:1:0: Direct-Access     VBOX     HARDDISK         1.0  PQ: 0 ANSI: 5
[    2.888534] scsi target2:0:1: Beginning Domain Validation
[    2.894300] scsi target2:0:1: Domain Validation skipping write tests
[    2.897683] scsi target2:0:1: Ending Domain Validation
[    2.900592] scsi target2:0:1: asynchronous
[    2.908749] sd 2:0:0:0: [sda] 83886080 512-byte logical blocks: (42.9 GB/40.0 GiB)
[    2.913027] sd 2:0:0:0: [sda] Write Protect is off
[    2.915858] sd 2:0:0:0: [sda] Incomplete mode parameter data
[    2.919002] sd 2:0:0:0: [sda] Assuming drive cache: write through
[    2.922734] sd 2:0:0:0: Attached scsi generic sg0 type 0
[    2.926592] sd 2:0:1:0: [sdb] 20480 512-byte logical blocks: (10.5 MB/10.0 MiB)
[    2.931367] sd 2:0:1:0: [sdb] Write Protect is off
[    2.934488] sd 2:0:1:0: Attached scsi generic sg1 type 0
[    2.938162] sd 2:0:1:0: [sdb] Incomplete mode parameter data
[    2.941660] sd 2:0:1:0: [sdb] Assuming drive cache: write through
[    2.946312]  sda: sda1
[    2.949289] sd 2:0:1:0: [sdb] Attached SCSI disk
[    2.953575] sd 2:0:0:0: [sda] Attached SCSI disk
Begin: Loading essential drivers ... [    4.697016] raid6: sse2x1   gen() 17305 MB/s
[    4.812288] raid6: sse2x1   xor() 25935 MB/s
[    4.860376] raid6: sse2x2   gen() 11489 MB/s
[    4.910213] raid6: sse2x2   xor()  6412 MB/s
[    4.970304] raid6: sse2x4   gen() 15635 MB/s
[    5.161227] raid6: sse2x4   xor() 49780 MB/s
[    5.263988] raid6: avx2x1   gen() 56517 MB/s
[    5.420039] raid6: avx2x1   xor() 58356 MB/s
[    5.589367] raid6: avx2x2   gen() 101505 MB/s
[    5.807778] raid6: avx2x2   xor() 57119 MB/s
[    5.951491] raid6: avx2x4   gen() 119015 MB/s
[    6.024156] raid6: avx2x4   xor() 28660 MB/s
[    6.027921] raid6: using algorithm avx2x4 gen() 119015 MB/s
[    6.032484] raid6: .... xor() 28660 MB/s, rmw enabled
[    6.036766] raid6: using avx2x2 recovery algorithm
[    6.042621] xor: automatically using best checksumming function   avx       
[    6.049534] async_tx: api initialized (async)
done.
Begin: Running /scripts/init-premount ... done.
Begin: Mounting root file system ... Begin: Running /scripts/local-top ... done.
Begin: Running /scripts/local-premount ... [    6.110374] Btrfs loaded, crc32c=crc32c-intel
Scanning for Btrfs filesystems
done.
Warning: fsck not present, so skipping root file system
[    6.156982] EXT4-fs (sda1): INFO: recovery required on readonly filesystem
[    6.162760] EXT4-fs (sda1): write access will be enabled during recovery
[    6.220666] EXT4-fs (sda1): recovery complete
[    6.223385] EXT4-fs (sda1): mounted filesystem with ordered data mode. Opts: (null)
done.
Begin: Running /scripts/local-bottom ... done.
Begin: Running /scripts/init-bottom ... done.
[    6.401977] ip_tables: (C) 2000-2006 Netfilter Core Team
[    6.418053] systemd[1]: systemd 237 running in system mode. (+PAM +AUDIT +SELINUX +IMA +APPARMOR +SMACK +SYSVINIT +UTMP +LIBCRYPTSETUP +GCRYPT +GNUTLS +ACL +XZ +LZ4 +SECCOMP +BLKID +ELFUTILS +KMOD -IDN2 +IDN -PCRE2 default-hierarchy=hybrid)
[    6.429506] systemd[1]: Detected virtualization oracle.
[    6.432447] systemd[1]: Detected architecture x86-64.

Welcome to [1mUbuntu 18.04.6 LTS[0m!

[    6.449201] systemd[1]: Set hostname to <chesster>.
[    6.742235] systemd[1]: Reached target System Time Synchronized.
[[0;32m  OK  [0m] Reached target System Time Synchronized.
[    6.747529] systemd[1]: Reached target User and Group Name Lookups.
[[0;32m  OK  [0m] Reached target User and Group Name Lookups.
[    6.757476] systemd[1]: Created slice System Slice.
[[0;32m  OK  [0m] Created slice System Slice.
[    6.761675] systemd[1]: Listening on Syslog Socket.
[[0;32m  OK  [0m] Listening on Syslog Socket.
[    6.766198] systemd[1]: Listening on /dev/initctl Compatibility Named Pipe.
[[0;32m  OK  [0m] Listening on /dev/initctl Compatibility Named Pipe.
[    6.772184] systemd[1]: Created slice system-serial\x2dgetty.slice.
[[0;32m  OK  [0m] Created slice system-serial\x2dgetty.slice.
[[0;32m  OK  [0m] Listening on udev Control Socket.
[[0;32m  OK  [0m] Listening on Journal Socket.
         Starting Set the console keyboard layout...
         Starting Load Kernel Modules...
         Starting Create list of required st…ce nodes for the current kernel...
[[0;32m  OK  [0m] Listening on fsck to fsckd communication Socket.
[[0;32m  OK  [0m] Listening on Journal Socket (/dev/log).
[[0;32m  OK  [0m] Listening on udev Kernel Socket.
         Starting udev Coldplug all Devices...
[[0;32m  OK  [0m] Listening on LVM2 metadata daemon socket.
         Starting Uncomplicated firewall...
[[0;32m  OK  [0m] Listening on Network Service Netlink Socket.
[[0;32m  OK  [0m] Listening on Device-mapper event daemon FIFOs.
         Starting Monitoring of LVM2 mirrors…ng dmeventd or progress polling...
         Mounting Huge Pages File System...
         Starting File System Check on Root Device...
[[0;32m  OK  [0m] Set up automount Arbitrary Executab…rmats File System Automount Point.
[[0;32m  OK  [0m] Listening on LVM2 poll daemon socket.
[[0;32m  OK  [0m] Reached target Swap.
[[0;32m  OK  [0m] Listening on Journal Audit Socket.
[    6.885059] Loading iSCSI transport class v2.0-870.
         Starting Journal Service...
[[0;32m  OK  [0m] Created slice User and Session Slice.
[[0;32m  OK  [0m] Reached target Slices.
[[0;32m  OK  [0m] Started Forward Password Requests to Wall Directory Watch.
[[0;32m  OK  [0m] Reached target Mounting snaps.
[[0;32m  OK  [0m] Reached target Mounted snaps.
         Mounting POSIX Message Queue File System...
         Mounting Kernel Debug File System...
[[0;32m  OK  [0m] Started Create list of required sta…vice nodes for the current kernel.
[[0;32m  OK  [0m] Started Uncomplicated firewall.
[[0;32m  OK  [0m] Mounted Huge Pages File System.
[[0;32m  OK  [0m] Mounted POSIX Message Queue File System.
[[0;32m  OK  [0m] Mounted Kernel Debug File System.
[[0;32m  OK  [0m] Started File System Check Daemon to report status.
[[0;32m  OK  [0m] Started LVM2 metadata daemon.
         Starting Create Static Device Nodes in /dev...
[[0;32m  OK  [0m] Started Journal Service.
[[0;32m  OK  [0m] Started udev Coldplug all Devices.
[[0;32m  OK  [0m] Started File System Check on Root Device.
         Starting Remount Root and Kernel File Systems...
[    6.968057] iscsi: registered transport (tcp)
[    6.985040] iscsi: registered transport (iser)
[[0;32m  OK  [0m] Started Load Kernel Modules.
         Mounting FUSE Control File System...
         Starting Apply Kernel Variables...
         Mounting Kernel Configuration File System...
[[0;32m  OK  [0m] Mounted FUSE Control File System.
[[0;32m  OK  [0m] Mounted Kernel Configuration File System.
[[0;32m  OK  [0m] Started Create Static Device Nodes in /dev.
[[0;32m  OK  [0m] Started Remount Root and Kernel File Systems.
[[0;32m  OK  [0m] Started Apply Kernel Variables.
[[0;32m  OK  [0m] Started Monitoring of LVM2 mirrors,…sing dmeventd or progress polling.
         Starting Load/Save Random Seed...
         Starting udev Kernel Device Manager...
         Starting Flush Journal to Persistent Storage...
[[0;32m  OK  [0m] Started Load/Save Random Seed.
[[0;32m  OK  [0m] Started udev Kernel Device Manager.
[[0;32m  OK  [0m] Started Set the console keyboard layout.
[[0;32m  OK  [0m] Reached target Local File Systems (Pre).
[[0;32m  OK  [0m] Reached target Local File Systems.
         Starting Set console font and keymap...
         Starting Tell Plymouth To Write Out Runtime Data...
         Starting ebtables ruleset management...
         Starting AppArmor initialization...
[[0;32m  OK  [0m] Started Dispatch Password Requests to Console Directory Watch.
[[0;32m  OK  [0m] Reached target Local Encrypted Volumes.
[[0;32m  OK  [0m] Started Tell Plymouth To Write Out Runtime Data.
[[0;32m  OK  [0m] Started Set console font and keymap.
[[0;32m  OK  [0m] Started Flush Journal to Persistent Storage.
         Starting Create Volatile Files and Directories...
[[0;32m  OK  [0m] Started Create Volatile Files and Directories.
         Starting Update UTMP about System Boot/Shutdown...
[[0;32m  OK  [0m] Started ebtables ruleset management.
[[0;32m  OK  [0m] Started Update UTMP about System Boot/Shutdown.
[[0;32m  OK  [0m] Found device /dev/ttyS0.
[[0;32m  OK  [0m] Listening on Load/Save RF Kill Switch Status /dev/rfkill Watch.
[[0;32m  OK  [0m] Started AppArmor initialization.
         Starting Initial cloud-init job (pre-networking)...
         Starting Load AppArmor profiles managed internally by snapd...
         Mounting Arbitrary Executable File Formats File System...
[[0;32m  OK  [0m] Mounted Arbitrary Executable File Formats File System.
[[0;32m  OK  [0m] Started Load AppArmor profiles managed internally by snapd.
[    8.878550] cloud-init[556]: Cloud-init v. 23.1.2-0ubuntu0~18.04.1 running 'init-local' at Thu, 27 Feb 2025 18:17:10 +0000. Up 8.69 seconds.
[[0;32m  OK  [0m] Started Initial cloud-init job (pre-networking).
[[0;32m  OK  [0m] Reached target Network (Pre).
         Starting Network Service...
[[0;32m  OK  [0m] Started Network Service.
         Starting Wait for Network to be Configured...
         Starting Network Name Resolution...
[[0;32m  OK  [0m] Started Network Name Resolution.
[[0;32m  OK  [0m] Reached target Host and Network Name Lookups.
[[0;32m  OK  [0m] Reached target Network.
[[0;32m  OK  [0m] Started Wait for Network to be Configured.
         Starting Initial cloud-init job (metadata service crawler)...
[   11.498276] cloud-init[666]: Cloud-init v. 23.1.2-0ubuntu0~18.04.1 running 'init' at Thu, 27 Feb 2025 18:17:13 +0000. Up 11.35 seconds.
[   11.501289] cloud-init[666]: ci-info: ++++++++++++++++++++++++++++++++++++++Net device info++++++++++++++++++++++++++++++++++++++
[   11.504224] cloud-init[666]: ci-info: +--------+------+----------------------------+---------------+--------+-------------------+
[   11.507257] cloud-init[666]: ci-info: | Device |  Up  |          Address           |      Mask     | Scope  |     Hw-Address    |
[   11.510043] cloud-init[666]: ci-info: +--------+------+----------------------------+---------------+--------+-------------------+
[   11.513049] cloud-init[666]: ci-info: | enp0s3 | True |         10.0.2.15          | 255.255.255.0 | global | 02:3b:7b:b7:3b:2d |
[   11.516236] cloud-init[666]: ci-info: | enp0s3 | True | fd00::3b:7bff:feb7:3b2d/64 |       .       | global | 02:3b:7b:b7:3b:2d |
[   11.519035] cloud-init[666]: ci-info: | enp0s3 | True | fe80::3b:7bff:feb7:3b2d/64 |       .       |  link  | 02:3b:7b:b7:3b:2d |
[   11.521795] cloud-init[666]: ci-info: |   lo   | True |         127.0.0.1          |   255.0.0.0   |  host  |         .         |
[   11.525024] cloud-init[666]: ci-info: |   lo   | True |          ::1/128           |       .       |  host  |         .         |
[   11.528249] cloud-init[666]: ci-info: +--------+------+----------------------------+---------------+--------+-------------------+
[   11.531547] cloud-init[666]: ci-info: ++++++++++++++++++++++++++++Route IPv4 info+++++++++++++++++++++++++++++
[   11.534166] cloud-init[666]: ci-info: +-------+-------------+----------+-----------------+-----------+-------+
[   11.536816] cloud-init[666]: ci-info: | Route | Destination | Gateway  |     Genmask     | Interface | Flags |
[   11.539506] cloud-init[666]: ci-info: +-------+-------------+----------+-----------------+-----------+-------+
[   11.542649] cloud-init[666]: ci-info: |   0   |   0.0.0.0   | 10.0.2.2 |     0.0.0.0     |   enp0s3  |   UG  |
[   11.545309] cloud-init[666]: ci-info: |   1   |   10.0.2.0  | 0.0.0.0  |  255.255.255.0  |   enp0s3  |   U   |
[   11.548295] cloud-init[666]: ci-info: |   2   |   10.0.2.2  | 0.0.0.0  | 255.255.255.255 |   enp0s3  |   UH  |
[   11.551598] cloud-init[666]: ci-info: +-------+-------------+----------+-----------------+-----------+-------+
[   11.554116] cloud-init[666]: ci-info: +++++++++++++++++++Route IPv6 info+++++++++++++++++++
[   11.556189] cloud-init[666]: ci-info: +-------+-------------+---------+-----------+-------+
[   11.558226] cloud-init[666]: ci-info: | Route | Destination | Gateway | Interface | Flags |
[   11.560250] cloud-init[666]: ci-info: +-------+-------------+---------+-----------+-------+
[   11.562299] cloud-init[666]: ci-info: |   1   |  fd00::/64  |    ::   |   enp0s3  |   U   |
[   11.564415] cloud-init[666]: ci-info: |   2   |  fe80::/64  |    ::   |   enp0s3  |   U   |
[   11.566804] cloud-init[666]: ci-info: |   3   |     ::/0    | fe80::2 |   enp0s3  |   UG  |
[   11.569064] cloud-init[666]: ci-info: |   5   |    local    |    ::   |   enp0s3  |   U   |
[   11.571241] cloud-init[666]: ci-info: |   6   |   ff00::/8  |    ::   |   enp0s3  |   U   |
[   11.573362] cloud-init[666]: ci-info: +-------+-------------+---------+-----------+-------+
[[0;32m  OK  [0m] Started Initial cloud-init job (metadata service crawler).
[[0;32m  OK  [0m] Reached target System Initialization.
[[0;32m  OK  [0m] Started Discard unused blocks once a week.
[[0;32m  OK  [0m] Listening on Open-iSCSI iscsid Socket.
[[0;32m  OK  [0m] Started ACPI Events Check.
         Starting LXD - unix socket.
[[0;32m  OK  [0m] Listening on UUID daemon activation socket.
[[0;32m  OK  [0m] Reached target Paths.
[[0;32m  OK  [0m] Listening on ACPID Listen Socket.
[[0;32m  OK  [0m] Started Message of the Day.
[[0;32m  OK  [0m] Listening on cloud-init hotplug hook socket.
[[0;32m  OK  [0m] Listening on D-Bus System Message Bus Socket.
[[0;32m  OK  [0m] Started Ubuntu Advantage Timer for running repeated jobs.
[[0;32m  OK  [0m] Started Daily Cleanup of Temporary Directories.
[[0;32m  OK  [0m] Started Daily apt download activities.
[[0;32m  OK  [0m] Started Daily apt upgrade and clean activities.
[[0;32m  OK  [0m] Reached target Timers.
         Starting Socket activation for snappy daemon.
[[0;32m  OK  [0m] Reached target Cloud-config availability.
[[0;32m  OK  [0m] Reached target Network is Online.
         Starting Availability of block devices...
[[0;32m  OK  [0m] Reached target Remote File Systems (Pre).
         Mounting /vagrant...
[[0;32m  OK  [0m] Listening on LXD - unix socket.
[[0;32m  OK  [0m] Listening on Socket activation for snappy daemon.
[[0;32m  OK  [0m] Reached target Sockets.
[[0;32m  OK  [0m] Reached target Basic System.
[[0;32m  OK  [0m] Started Regular background program processing daemon.
[[0;32m  OK  [0m] Started FUSE filesystem for LXC.
[[0;32m  OK  [0m] Started irqbalance daemon.
         Starting Dispatcher daemon for systemd-networkd...
         Starting System Logging Service...
[[0;32m  OK  [0m] Reached target Login Prompts (Pre).
         Starting Snap Daemon...
         Starting Virtualbox guest utils...
[[0;32m  OK  [0m] Started D-Bus System Message Bus.
         Starting LSB: Record successful boot for GRUB...
         Starting Accounts Service...
         Starting OpenBSD Secure Shell server...
         Starting Login Service...
[[0;32m  OK  [0m] Started Deferred execution scheduler.
         Starting LXD - container startup/shutdown...
[[0;32m  OK  [0m] Started System Logging Service.
[[0;32m  OK  [0m] Started Availability of block devices.
[[0;32m  OK  [0m] Mounted /vagrant.
         Starting Authorization Manager...
         Starting Hostname Service...
[[0;32m  OK  [0m] Reached target Remote File Systems.
         Starting Permit User Sessions...
         Starting LSB: automatic crash report generation...
[[0;32m  OK  [0m] Started Login Service.
[[0;32m  OK  [0m] Started Unattended Upgrades Shutdown.
[[0;32m  OK  [0m] Started Permit User Sessions.
         Starting Hold until boot process finishes up...
         Starting Terminate Plymouth Boot Screen...
[[0;32m  OK  [0m] Started Hold until boot process finishes up.
         Starting Set console scheme...
[[0;32m  OK  [0m] Started Serial Getty on ttyS0.
[[0;32m  OK  [0m] Started Terminate Plymouth Boot Screen.
[[0;32m  OK  [0m] Started OpenBSD Secure Shell server.
[[0;32m  OK  [0m] Started Set console scheme.
[[0;32m  OK  [0m] Created slice system-getty.slice.
[[0;32m  OK  [0m] Started Getty on tty1.
[[0;32m  OK  [0m] Reached target Login Prompts.
[[0;32m  OK  [0m] Started Authorization Manager.
[[0;32m  OK  [0m] Started Accounts Service.
[[0;32m  OK  [0m] Started Virtualbox guest utils.
[[0;32m  OK  [0m] Started Dispatcher daemon for systemd-networkd.
[[0;32m  OK  [0m] Started LSB: automatic crash report generation.
[[0;32m  OK  [0m] Started Hostname Service.
[[0;32m  OK  [0m] Started LSB: Record successful boot for GRUB.
[[0;32m  OK  [0m] Started LXD - container startup/shutdown.
[[0;32m  OK  [0m] Created slice User Slice of vagrant.
         Starting User Manager for UID 1000...
[[0;32m  OK  [0m] Started Session 1 of user vagrant.
[[0;32m  OK  [0m] Started User Manager for UID 1000.
[[0;32m  OK  [0m] Started Snap Daemon.
         Starting Wait until snapd is fully seeded...
         Starting Time & Date Service...
[[0;32m  OK  [0m] Started Time & Date Service.
[[0;32m  OK  [0m] Started Wait until snapd is fully seeded.
         Starting Apply the settings specified in cloud-config...
[   13.768625] cloud-init[1180]: Cloud-init v. 23.1.2-0ubuntu0~18.04.1 running 'modules:config' at Thu, 27 Feb 2025 18:17:15 +0000. Up 13.65 seconds.
[[0;32m  OK  [0m] Started Apply the settings specified in cloud-config.
[[0;32m  OK  [0m] Reached target Multi-User System.
         Starting Execute cloud user/final scripts...
[[0;32m  OK  [0m] Reached target Graphical Interface.
         Starting Update UTMP about System Runlevel Changes...
[[0;32m  OK  [0m] Started Update UTMP about System Runlevel Changes.
[   14.384716] cloud-init[1258]: Cloud-init v. 23.1.2-0ubuntu0~18.04.1 running 'modules:final' at Thu, 27 Feb 2025 18:17:16 +0000. Up 14.23 seconds.
[   14.387996] cloud-init[1258]: Cloud-init v. 23.1.2-0ubuntu0~18.04.1 finished at Thu, 27 Feb 2025 18:17:16 +0000. Datasource DataSourceNoCloud [seed=/dev/sdb][dsmode=net].  Up 14.37 seconds
[[0;32m  OK  [0m] Started Execute cloud user/final scripts.
[[0;32m  OK  [0m] Reached target Cloud-init target.

Ubuntu 18.04.6 LTS chesster ttyS0

chesster login: 